#Software: iisexpress
#ProcessID: 1892
#AppDomain: /LM/W3SVC/2/ROOT-1-130709600446106825
#FileName: C:\Program Files (x86)\IIS Express\iisexpress.exe
#BaseDirectory: E:\192.168.1.254\TGG\管理后台\TGM\TGM.API\
#CurrentDirectory: C:\Program Files (x86)\IIS Express
#CommandLine: /config:"C:\Users\TH\Documents\IISExpress\config\applicationhost.config"  /site:"TGM.API" /apppool:"Clr4IntegratedAppPool"
#ApplicationType: Console
#CLR: 4.0.30319.34014
#OS: Windows 8 x64, TH/TH_KAER
#Date: 2015-03-16
#Fields: Time ThreadID IsPoolThread ThreadName Message
14:14:59.618 5 W - NewLife.Core v4.6.2014.0731 Build 2014-08-30 18:12:06
14:14:59.627 5 W - NewLife.XCode v8.13.2014.0720 Build 2014-08-30 18:10:56
14:14:59.628 5 W - 使用数据库方式：独占，加大缓存权重
14:14:59.628 5 W - 一级缓存：关闭缓存
14:14:59.659 5 W - [tgm]GetSchema("MetaDataCollections")
14:14:59.678 5 W - [tgm]GetSchema("ReservedWords")
14:14:59.696 5 W - [tgm]GetSchema("Databases", "tgm")
14:14:59.766 5 W - [tgm]GetSchema("Tables")
14:14:59.884 5 W - [tgm]GetSchema("Columns")
14:14:59.930 5 W - [tgm]GetSchema("Indexes")
14:14:59.950 5 W - [tgm]GetSchema("IndexColumns")
14:14:59.975 5 W - [tgm]GetSchema("DataTypes")
14:15:00.059 5 W - select object_name(id) as objname,rows from sysindexes where indid in (0,1) and status in (0,2066)
14:15:00.111 5 W - 开始检查连接[tgm/SqlServer]的数据库架构……
14:15:00.201 5 W - [tgm]的所有实体类（0个）：
14:15:00.201 5 W - [tgm]需要检查架构的实体类（0个）：
14:15:00.202 5 W - 检查连接[tgm/SqlServer]的数据库架构耗时91ms
14:15:00.202 5 W - Select Top 1 * From tgm_role Where name=N'admin' Order By id Desc
14:15:00.265 5 W - [DB]GetSchema("MetaDataCollections")
14:15:00.268 5 W - [DB]GetSchema("ReservedWords")
14:15:00.275 5 W - [DB]GetSchema("Databases", "tgm")
14:15:00.323 5 W - [DB]GetSchema("Tables")
14:15:00.435 5 W - [DB]GetSchema("Columns")
14:15:00.481 5 W - [DB]GetSchema("Indexes")
14:15:00.501 5 W - [DB]GetSchema("IndexColumns")
14:15:00.522 5 W - [DB]GetSchema("DataTypes")
14:15:00.581 5 W - select object_name(id) as objname,rows from sysindexes where indid in (0,1) and status in (0,2066)
14:15:00.600 5 W - 开始检查连接[DB/SqlServer]的数据库架构……
14:15:00.652 5 W - [DB]的所有实体类（15个）：tgm_give_log,tgm_gm,tgm_gold_record,tgm_goods_code,tgm_goods_type,tgm_notice,tgm_platform,tgm_record_day,tgm_record_hours,tgm_record_keep,tgm_record_pay,tgm_record_server,tgm_resource,tgm_role,tgm_server
14:15:00.652 5 W - [DB]需要检查架构的实体类（15个）：tgm_give_log,tgm_gm,tgm_gold_record,tgm_goods_code,tgm_goods_type,tgm_notice,tgm_platform,tgm_record_day,tgm_record_hours,tgm_record_keep,tgm_record_pay,tgm_record_server,tgm_resource,tgm_role,tgm_server
14:15:00.653 5 W - DB待检查表架构的实体个数：14
14:15:00.785 5 W - 检查连接[DB/SqlServer]的数据库架构耗时186ms
14:15:00.786 5 W - Select * From tgm_platform Where id=1
14:15:01.537 7 W - [tgm]GetSchema("Tables")
14:15:01.654 7 W - [tgm]GetSchema("Columns")
14:15:01.693 7 W - [tgm]GetSchema("Indexes")
14:15:01.714 7 W - [tgm]GetSchema("IndexColumns")
14:15:01.745 7 W - select object_name(id) as objname,rows from sysindexes where indid in (0,1) and status in (0,2066)
14:15:01.764 7 W - Select Top 1 * From tgm_platform Where token='0c372ec3-1b00-4286-84a8-9216e7ab59e3' Order By id Desc
14:15:01.781 7 W - Select * From tgm_platform Order By  createtime desc
14:15:06.351 6 W - Select Top 1 * From tgm_platform Where token='0c372ec3-1b00-4286-84a8-9216e7ab59e3' Order By id Desc
14:15:06.368 6 W - Select * From tgm_platform Order By  createtime desc
14:17:31.559 7 W - Select Top 1 * From tgm_platform Where token='0c372ec3-1b00-4286-84a8-9216e7ab59e3' Order By id Desc
14:17:31.597 7 W - [tgm]GetSchema("Tables")
14:17:31.705 7 W - [tgm]GetSchema("Columns")
14:17:31.741 7 W - [tgm]GetSchema("Indexes")
14:17:31.764 7 W - [tgm]GetSchema("IndexColumns")
14:17:31.786 7 W - Select * From tgm_server Where [pid] =1  Order By  createtime desc
14:17:31.804 7 W - Select * From tgm_platform Where id=1
14:17:31.848 7 W - Select * From tgm_platform Where id=1
14:17:31.866 7 W - Select * From tgm_platform Where id=1
14:17:36.568 7 W - Select Top 1 * From tgm_platform Where token='0c372ec3-1b00-4286-84a8-9216e7ab59e3' Order By id Desc
14:17:36.585 7 W - Select * From tgm_platform Order By  createtime desc
14:18:19.412 8 W - Select Top 1 * From tgm_platform Where token='0c372ec3-1b00-4286-84a8-9216e7ab59e3' Order By id Desc
14:18:19.428 8 W - Select * From tgm_platform Order By  createtime desc
14:18:20.244 12 W - Select Top 1 * From tgm_platform Where token='0c372ec3-1b00-4286-84a8-9216e7ab59e3' Order By id Desc
14:18:20.261 12 W - Select * From tgm_role Where id=1
14:18:20.279 12 W - Select * From tgm_platform Where id=1
14:18:20.315 12 W - [tgm]GetSchema("Tables")
14:18:20.425 12 W - [tgm]GetSchema("Columns")
14:18:20.462 12 W - [tgm]GetSchema("Indexes")
14:18:20.481 12 W - [tgm]GetSchema("IndexColumns")
14:18:20.513 12 W - SET NOCOUNT ON;Insert Into tgm_resource(name, pid, sid, player_name, user_code, [time], type, [state], content, attachment) Values('', 1, 13, N'', N'lgy', 635621123002956588, 2, 1, '', N'7_6010010_0_1');Select SCOPE_IDENTITY()
14:18:20.571 12 W - Select * From tgm_server Where id=13
14:18:24.368 10 W - Select Top 1 * From tgm_platform Where token='0c372ec3-1b00-4286-84a8-9216e7ab59e3' Order By id Desc
14:18:24.385 10 W - Select * From tgm_role Where id=1
14:18:24.405 10 W - Select * From tgm_resource Order By id Desc
14:18:24.423 10 W - Select * From tgm_platform Where id in (1,1,1,1,1,1,1,1,1,1,1,1,1,1,1,1,1,1,1,1,1) Order By id Desc
14:18:24.440 10 W - Select * From tgm_server Where id in (13,13,13,13,13,13,13,13,13,13,13,13,13,13,13,13,13,13,13,13,13) Order By id Desc
14:18:24.950 8 W - Select Top 1 * From tgm_platform Where token='0c372ec3-1b00-4286-84a8-9216e7ab59e3' Order By id Desc
14:18:24.966 8 W - Select * From tgm_platform Order By  createtime desc
14:19:39.082 7 W - Select Top 1 * From tgm_platform Where token='0c372ec3-1b00-4286-84a8-9216e7ab59e3' Order By id Desc
14:19:39.099 7 W - Select * From tgm_platform Order By  createtime desc
