#Software: iisexpress
#ProcessID: 4100
#AppDomain: /LM/W3SVC/2/ROOT-1-130706860911846938
#FileName: C:\Program Files (x86)\IIS Express\iisexpress.exe
#BaseDirectory: E:\192.168.1.254\TGG\管理后台\TGM\TGM.API\
#CurrentDirectory: C:\Program Files (x86)\IIS Express
#CommandLine: /config:"C:\Users\TH\Documents\IISExpress\config\applicationhost.config"  /site:"TGM.API" /apppool:"Clr4IntegratedAppPool"
#ApplicationType: Console
#CLR: 4.0.30319.34014
#OS: Windows 8 x64, TH/TH_KAER
#Date: 2015-03-13
#Fields: Time ThreadID IsPoolThread ThreadName Message
10:08:31.303 7 W - NewLife.Core v4.6.2014.0731 Build 2014-08-30 18:12:06
10:08:31.311 7 W - NewLife.XCode v8.13.2014.0720 Build 2014-08-30 18:10:56
10:08:31.312 7 W - 使用数据库方式：独占，加大缓存权重
10:08:31.312 7 W - 一级缓存：关闭缓存
10:08:31.383 7 W - [tgm]GetSchema("MetaDataCollections")
10:08:31.402 7 W - [tgm]GetSchema("ReservedWords")
10:08:31.428 7 W - [tgm]GetSchema("Databases", "tgm")
10:08:31.441 7 W - [tgm]GetSchema("Tables")
10:08:31.512 7 W - [tgm]GetSchema("Columns")
10:08:31.533 7 W - [tgm]GetSchema("Indexes")
10:08:31.536 7 W - [tgm]GetSchema("IndexColumns")
10:08:31.549 7 W - [tgm]GetSchema("DataTypes")
10:08:31.617 7 W - select object_name(id) as objname,rows from sysindexes where indid in (0,1) and status in (0,2066)
10:08:31.626 7 W - 开始检查连接[tgm/SqlServer]的数据库架构……
10:08:31.705 7 W - [tgm]的所有实体类（0个）：
10:08:31.705 7 W - [tgm]需要检查架构的实体类（0个）：
10:08:31.705 7 W - 检查连接[tgm/SqlServer]的数据库架构耗时79ms
10:08:31.705 7 W - Select Top 1 * From tgm_role Where name=N'admin' Order By id Desc
10:08:31.724 7 W - [DB]GetSchema("MetaDataCollections")
10:08:31.727 7 W - [DB]GetSchema("ReservedWords")
10:08:31.738 7 W - [DB]GetSchema("Databases", "tgm")
10:08:31.743 7 W - [DB]GetSchema("Tables")
10:08:31.805 7 W - [DB]GetSchema("Columns")
10:08:31.825 7 W - [DB]GetSchema("Indexes")
10:08:31.827 7 W - [DB]GetSchema("IndexColumns")
10:08:31.830 7 W - [DB]GetSchema("DataTypes")
10:08:31.846 7 W - select object_name(id) as objname,rows from sysindexes where indid in (0,1) and status in (0,2066)
10:08:31.848 7 W - 开始检查连接[DB/SqlServer]的数据库架构……
10:08:31.894 7 W - [DB]的所有实体类（15个）：tgm_give_log,tgm_gm,tgm_gold_record,tgm_goods_code,tgm_goods_type,tgm_notice,tgm_platform,tgm_record_day,tgm_record_hours,tgm_record_keep,tgm_record_pay,tgm_record_server,tgm_resource,tgm_role,tgm_server
10:08:31.894 7 W - [DB]需要检查架构的实体类（15个）：tgm_give_log,tgm_gm,tgm_gold_record,tgm_goods_code,tgm_goods_type,tgm_notice,tgm_platform,tgm_record_day,tgm_record_hours,tgm_record_keep,tgm_record_pay,tgm_record_server,tgm_resource,tgm_role,tgm_server
10:08:31.894 7 W - DB待检查表架构的实体个数：14
10:08:31.978 7 W - 检查连接[DB/SqlServer]的数据库架构耗时131ms
10:08:31.978 7 W - Select * From tgm_platform Where id=1
10:08:32.170 10 W - [tgm]GetSchema("Tables")
10:08:32.231 10 W - [tgm]GetSchema("Columns")
10:08:32.251 10 W - [tgm]GetSchema("Indexes")
10:08:32.254 10 W - [tgm]GetSchema("IndexColumns")
10:08:32.258 10 W - select object_name(id) as objname,rows from sysindexes where indid in (0,1) and status in (0,2066)
10:08:32.260 10 W - Select Top 1 * From tgm_platform Where token='0c372ec3-1b00-4286-84a8-9216e7ab59e3' Order By id Desc
10:08:32.261 10 W - Select * From tgm_platform Order By  createtime desc
10:08:39.642 10 W - Select Top 1 * From tgm_platform Where token='0c372ec3-1b00-4286-84a8-9216e7ab59e3' Order By id Desc
10:08:39.644 10 W - Select * From tgm_platform Order By  createtime desc
10:14:02.470 18 W - Select Top 1 * From tgm_platform Where token='0c372ec3-1b00-4286-84a8-9216e7ab59e3' Order By id Desc
10:14:02.471 18 W - Select * From tgm_platform Order By  createtime desc
10:15:16.123 19 W - Select Top 1 * From tgm_platform Where token='0c372ec3-1b00-4286-84a8-9216e7ab59e3' Order By id Desc
10:15:16.125 19 W - Select * From tgm_platform Order By  createtime desc
10:15:16.134 8 W - Select Top 1 * From tgm_platform Where token='0c372ec3-1b00-4286-84a8-9216e7ab59e3' Order By id Desc
10:15:16.137 8 W - [tgm]GetSchema("Tables")
10:15:16.198 8 W - [tgm]GetSchema("Columns")
10:15:16.218 8 W - [tgm]GetSchema("Indexes")
10:15:16.221 8 W - [tgm]GetSchema("IndexColumns")
10:15:16.226 8 W - Select * From tgm_goods_type Order By id Desc
10:15:21.834 8 W - Select Top 1 * From tgm_platform Where token='0c372ec3-1b00-4286-84a8-9216e7ab59e3' Order By id Desc
10:15:21.841 8 W - select object_name(id) as objname,rows from sysindexes where indid in (0,1) and status in (0,2066)
10:15:21.845 8 W - Select Count(*) From tgm_server
10:15:21.846 8 W - Select * From (Select *, row_number() over(Order By  createtime desc) as rowNumber From tgm_server) XCode_T1 Where rowNumber Between 1 And 10
10:15:21.852 8 W - Select * From tgm_platform Where id=6
10:15:21.858 8 W - Select * From tgm_platform Where id=1
10:15:21.863 8 W - Select * From tgm_platform Where id=1
10:15:21.870 8 W - Select * From tgm_platform Where id=4
10:15:21.876 8 W - Select * From tgm_platform Where id=1
10:15:25.495 22 W - Select Top 1 * From tgm_platform Where token='0c372ec3-1b00-4286-84a8-9216e7ab59e3' Order By id Desc
10:15:25.496 22 W - Select * From tgm_platform Order By  createtime desc
10:15:25.500 21 W - Select Top 1 * From tgm_platform Where token='0c372ec3-1b00-4286-84a8-9216e7ab59e3' Order By id Desc
10:15:25.501 21 W - Select * From tgm_goods_type Order By id Desc
10:15:26.174 18 W - Select Top 1 * From tgm_platform Where token='0c372ec3-1b00-4286-84a8-9216e7ab59e3' Order By id Desc
10:15:26.175 18 W - select object_name(id) as objname,rows from sysindexes where indid in (0,1) and status in (0,2066)
10:15:26.177 18 W - Select Count(*) From tgm_goods_type
10:15:26.177 18 W - Select * From (Select *, row_number() over(Order By type_id) as rowNumber From tgm_goods_type) XCode_T1 Where rowNumber Between 1 And 10
10:15:27.986 19 W - Select Top 1 * From tgm_platform Where token='0c372ec3-1b00-4286-84a8-9216e7ab59e3' Order By id Desc
10:15:27.987 19 W - Select Count(*) From tgm_platform
10:15:27.988 19 W - Select * From (Select *, row_number() over(Order By  createtime desc) as rowNumber From tgm_platform) XCode_T1 Where rowNumber Between 1 And 10
10:15:29.008 22 W - Select Top 1 * From tgm_platform Where token='0c372ec3-1b00-4286-84a8-9216e7ab59e3' Order By id Desc
10:15:29.009 22 W - Select Count(*) From tgm_server
10:15:29.009 22 W - Select * From (Select *, row_number() over(Order By  createtime desc) as rowNumber From tgm_server) XCode_T1 Where rowNumber Between 1 And 10
10:15:29.011 22 W - Select * From tgm_platform Where id=6
10:15:29.012 22 W - Select * From tgm_platform Where id=1
10:15:29.013 22 W - Select * From tgm_platform Where id=1
10:15:29.014 22 W - Select * From tgm_platform Where id=4
10:15:29.014 22 W - Select * From tgm_platform Where id=1
10:15:33.558 20 W - Select Top 1 * From tgm_platform Where token='0c372ec3-1b00-4286-84a8-9216e7ab59e3' Order By id Desc
10:15:33.559 20 W - Select * From tgm_platform Order By  createtime desc

#Software: iisexpress
#ProcessID: 6268
#AppDomain: /LM/W3SVC/2/ROOT-1-130706879697815903
#FileName: C:\Program Files (x86)\IIS Express\iisexpress.exe
#BaseDirectory: E:\192.168.1.254\TGG\管理后台\TGM\TGM.API\
#CurrentDirectory: C:\Program Files (x86)\IIS Express
#CommandLine: /config:"C:\Users\TH\Documents\IISExpress\config\applicationhost.config"  /site:"TGM.API" /apppool:"Clr4IntegratedAppPool"
#ApplicationType: Console
#CLR: 4.0.30319.34014
#OS: Windows 8 x64, TH/TH_KAER
#Date: 2015-03-13
#Fields: Time ThreadID IsPoolThread ThreadName Message
10:39:58.920 9 W - NewLife.Core v4.6.2014.0731 Build 2014-08-30 18:12:06
10:39:58.928 9 W - NewLife.XCode v8.13.2014.0720 Build 2014-08-30 18:10:56
10:39:58.929 9 W - 使用数据库方式：独占，加大缓存权重
10:39:58.929 9 W - 一级缓存：关闭缓存
10:39:58.963 9 W - [tgm]GetSchema("MetaDataCollections")
10:39:58.973 9 W - [tgm]GetSchema("ReservedWords")
10:39:58.993 9 W - [tgm]GetSchema("Databases", "tgm")
10:39:59.004 9 W - [tgm]GetSchema("Tables")
10:39:59.069 9 W - [tgm]GetSchema("Columns")
10:39:59.089 9 W - [tgm]GetSchema("Indexes")
10:39:59.091 9 W - [tgm]GetSchema("IndexColumns")
10:39:59.098 9 W - [tgm]GetSchema("DataTypes")
10:39:59.140 9 W - select object_name(id) as objname,rows from sysindexes where indid in (0,1) and status in (0,2066)
10:39:59.147 9 W - 开始检查连接[tgm/SqlServer]的数据库架构……
10:39:59.221 9 W - [tgm]的所有实体类（0个）：
10:39:59.221 9 W - [tgm]需要检查架构的实体类（0个）：
10:39:59.221 9 W - 检查连接[tgm/SqlServer]的数据库架构耗时74ms
10:39:59.221 9 W - Select Top 1 * From tgm_role Where name=N'admin' Order By id Desc
10:39:59.240 9 W - [DB]GetSchema("MetaDataCollections")
10:39:59.243 9 W - [DB]GetSchema("ReservedWords")
10:39:59.251 9 W - [DB]GetSchema("Databases", "tgm")
10:39:59.256 9 W - [DB]GetSchema("Tables")
10:39:59.316 9 W - [DB]GetSchema("Columns")
10:39:59.338 9 W - [DB]GetSchema("Indexes")
10:39:59.340 9 W - [DB]GetSchema("IndexColumns")
10:39:59.344 9 W - [DB]GetSchema("DataTypes")
10:39:59.362 9 W - select object_name(id) as objname,rows from sysindexes where indid in (0,1) and status in (0,2066)
10:39:59.364 9 W - 开始检查连接[DB/SqlServer]的数据库架构……
10:39:59.436 9 W - [DB]的所有实体类（15个）：tgm_give_log,tgm_gm,tgm_gold_record,tgm_goods_code,tgm_goods_type,tgm_notice,tgm_platform,tgm_record_day,tgm_record_hours,tgm_record_keep,tgm_record_pay,tgm_record_server,tgm_resource,tgm_role,tgm_server
10:39:59.436 9 W - [DB]需要检查架构的实体类（15个）：tgm_give_log,tgm_gm,tgm_gold_record,tgm_goods_code,tgm_goods_type,tgm_notice,tgm_platform,tgm_record_day,tgm_record_hours,tgm_record_keep,tgm_record_pay,tgm_record_server,tgm_resource,tgm_role,tgm_server
10:39:59.437 9 W - DB待检查表架构的实体个数：14
10:39:59.506 9 W - 检查连接[DB/SqlServer]的数据库架构耗时142ms
10:39:59.506 9 W - Select * From tgm_platform Where id=1
10:39:59.651 5 W - [tgm]GetSchema("Tables")
10:39:59.713 5 W - [tgm]GetSchema("Columns")
10:39:59.737 5 W - [tgm]GetSchema("Indexes")
10:39:59.740 5 W - [tgm]GetSchema("IndexColumns")
10:39:59.744 5 W - select object_name(id) as objname,rows from sysindexes where indid in (0,1) and status in (0,2066)
10:39:59.747 5 W - Select Top 1 * From tgm_platform Where token='0c372ec3-1b00-4286-84a8-9216e7ab59e3' Order By id Desc
10:39:59.752 5 W - Select * From tgm_platform Order By  createtime desc
10:40:03.300 7 W - Select Top 1 * From tgm_platform Where token='0c372ec3-1b00-4286-84a8-9216e7ab59e3' Order By id Desc
10:40:03.302 7 W - Select * From tgm_platform Order By  createtime desc
10:46:22.425 21 W - Select Top 1 * From tgm_platform Where token='0c372ec3-1b00-4286-84a8-9216e7ab59e3' Order By id Desc
10:46:22.427 21 W - Select * From tgm_platform Order By  createtime desc

#Software: iisexpress
#ProcessID: 8576
#AppDomain: /LM/W3SVC/2/ROOT-1-130706886078050426
#FileName: C:\Program Files (x86)\IIS Express\iisexpress.exe
#BaseDirectory: E:\192.168.1.254\TGG\管理后台\TGM\TGM.API\
#CurrentDirectory: C:\Program Files (x86)\IIS Express
#CommandLine: /config:"C:\Users\TH\Documents\IISExpress\config\applicationhost.config"  /site:"TGM.API" /apppool:"Clr4IntegratedAppPool"
#ApplicationType: Console
#CLR: 4.0.30319.34014
#OS: Windows 8 x64, TH/TH_KAER
#Date: 2015-03-13
#Fields: Time ThreadID IsPoolThread ThreadName Message
10:52:33.434 6 W - NewLife.Core v4.6.2014.0731 Build 2014-08-30 18:12:06
10:52:33.442 6 W - NewLife.XCode v8.13.2014.0720 Build 2014-08-30 18:10:56
10:52:33.442 6 W - 使用数据库方式：独占，加大缓存权重
10:52:33.442 6 W - 一级缓存：关闭缓存
10:52:33.474 6 W - [tgm]GetSchema("MetaDataCollections")
10:52:33.491 6 W - [tgm]GetSchema("ReservedWords")
10:52:33.509 6 W - [tgm]GetSchema("Databases", "tgm")
10:52:33.577 6 W - [tgm]GetSchema("Tables")
10:52:33.707 6 W - [tgm]GetSchema("Columns")
10:52:33.751 6 W - [tgm]GetSchema("Indexes")
10:52:33.771 6 W - [tgm]GetSchema("IndexColumns")
10:52:33.797 6 W - [tgm]GetSchema("DataTypes")
10:52:33.877 6 W - select object_name(id) as objname,rows from sysindexes where indid in (0,1) and status in (0,2066)
10:52:33.902 6 W - 开始检查连接[tgm/SqlServer]的数据库架构……
10:52:33.985 6 W - [tgm]的所有实体类（0个）：
10:52:33.985 6 W - [tgm]需要检查架构的实体类（0个）：
10:52:33.985 6 W - 检查连接[tgm/SqlServer]的数据库架构耗时83ms
10:52:33.985 6 W - Select Top 1 * From tgm_role Where name=N'admin' Order By id Desc
10:52:34.021 6 W - [DB]GetSchema("MetaDataCollections")
10:52:34.024 6 W - [DB]GetSchema("ReservedWords")
10:52:34.031 6 W - [DB]GetSchema("Databases", "tgm")
10:52:34.075 6 W - [DB]GetSchema("Tables")
10:52:34.203 6 W - [DB]GetSchema("Columns")
10:52:34.244 6 W - [DB]GetSchema("Indexes")
10:52:34.266 6 W - [DB]GetSchema("IndexColumns")
10:52:34.291 6 W - [DB]GetSchema("DataTypes")
10:52:34.348 6 W - select object_name(id) as objname,rows from sysindexes where indid in (0,1) and status in (0,2066)
10:52:34.368 6 W - 开始检查连接[DB/SqlServer]的数据库架构……
10:52:34.417 6 W - [DB]的所有实体类（15个）：tgm_give_log,tgm_gm,tgm_gold_record,tgm_goods_code,tgm_goods_type,tgm_notice,tgm_platform,tgm_record_day,tgm_record_hours,tgm_record_keep,tgm_record_pay,tgm_record_server,tgm_resource,tgm_role,tgm_server
10:52:34.417 6 W - [DB]需要检查架构的实体类（15个）：tgm_give_log,tgm_gm,tgm_gold_record,tgm_goods_code,tgm_goods_type,tgm_notice,tgm_platform,tgm_record_day,tgm_record_hours,tgm_record_keep,tgm_record_pay,tgm_record_server,tgm_resource,tgm_role,tgm_server
10:52:34.418 6 W - DB待检查表架构的实体个数：14
10:52:34.572 6 W - 检查连接[DB/SqlServer]的数据库架构耗时205ms
10:52:34.573 6 W - Select * From tgm_platform Where id=1
10:52:35.204 10 W - [tgm]GetSchema("Tables")
10:52:35.335 10 W - [tgm]GetSchema("Columns")
10:52:35.376 10 W - [tgm]GetSchema("Indexes")
10:52:35.398 10 W - [tgm]GetSchema("IndexColumns")
10:52:35.421 10 W - select object_name(id) as objname,rows from sysindexes where indid in (0,1) and status in (0,2066)
10:52:35.439 10 W - Select Top 1 * From tgm_platform Where token='0c372ec3-1b00-4286-84a8-9216e7ab59e3' Order By id Desc
10:52:35.455 10 W - Select * From tgm_platform Order By  createtime desc
10:52:39.535 8 W - Select Top 1 * From tgm_platform Where token='0c372ec3-1b00-4286-84a8-9216e7ab59e3' Order By id Desc
10:52:39.551 8 W - Select * From tgm_platform Order By  createtime desc
10:53:22.896 6 W - Select Top 1 * From tgm_platform Where token='0c372ec3-1b00-4286-84a8-9216e7ab59e3' Order By id Desc
10:53:22.934 6 W - [tgm]GetSchema("Tables")
10:53:23.053 6 W - [tgm]GetSchema("Columns")
10:53:23.092 6 W - [tgm]GetSchema("Indexes")
10:53:23.115 6 W - [tgm]GetSchema("IndexColumns")
10:53:23.138 6 W - Select * From tgm_server Where [pid] =1  Order By  createtime desc
10:53:23.157 6 W - Select * From tgm_platform Where id=1
10:53:23.202 6 W - Select * From tgm_platform Where id=1
10:53:23.219 6 W - Select * From tgm_platform Where id=1

#Software: iisexpress
#ProcessID: 8712
#AppDomain: /LM/W3SVC/2/ROOT-1-130706889981620146
#FileName: C:\Program Files (x86)\IIS Express\iisexpress.exe
#BaseDirectory: E:\192.168.1.254\TGG\管理后台\TGM\TGM.API\
#CurrentDirectory: C:\Program Files (x86)\IIS Express
#CommandLine: /config:"C:\Users\TH\Documents\IISExpress\config\applicationhost.config"  /site:"TGM.API" /apppool:"Clr4IntegratedAppPool"
#ApplicationType: Console
#CLR: 4.0.30319.34014
#OS: Windows 8 x64, TH/TH_KAER
#Date: 2015-03-13
#Fields: Time ThreadID IsPoolThread ThreadName Message
10:56:49.019 6 W - NewLife.Core v4.6.2014.0731 Build 2014-08-30 18:12:06
10:56:49.027 6 W - NewLife.XCode v8.13.2014.0720 Build 2014-08-30 18:10:56
10:56:49.028 6 W - 使用数据库方式：独占，加大缓存权重
10:56:49.028 6 W - 一级缓存：关闭缓存
10:56:49.084 6 W - [tgm]GetSchema("MetaDataCollections")
10:56:49.103 6 W - [tgm]GetSchema("ReservedWords")
10:56:49.121 6 W - [tgm]GetSchema("Databases", "tgm")
10:56:49.192 6 W - [tgm]GetSchema("Tables")
10:56:49.311 6 W - [tgm]GetSchema("Columns")
10:56:49.353 6 W - [tgm]GetSchema("Indexes")
10:56:49.375 6 W - [tgm]GetSchema("IndexColumns")
10:56:49.401 6 W - [tgm]GetSchema("DataTypes")
10:56:49.482 6 W - select object_name(id) as objname,rows from sysindexes where indid in (0,1) and status in (0,2066)
10:56:49.507 6 W - 开始检查连接[tgm/SqlServer]的数据库架构……
10:56:49.591 6 W - [tgm]的所有实体类（0个）：
10:56:49.591 6 W - [tgm]需要检查架构的实体类（0个）：
10:56:49.591 6 W - 检查连接[tgm/SqlServer]的数据库架构耗时84ms
10:56:49.591 6 W - Select Top 1 * From tgm_role Where name=N'admin' Order By id Desc
10:56:49.627 6 W - [DB]GetSchema("MetaDataCollections")
10:56:49.630 6 W - [DB]GetSchema("ReservedWords")
10:56:49.637 6 W - [DB]GetSchema("Databases", "tgm")
10:56:49.684 6 W - [DB]GetSchema("Tables")
10:56:49.820 6 W - [DB]GetSchema("Columns")
10:56:49.871 6 W - [DB]GetSchema("Indexes")
10:56:49.893 6 W - [DB]GetSchema("IndexColumns")
10:56:49.915 6 W - [DB]GetSchema("DataTypes")
10:56:49.972 6 W - select object_name(id) as objname,rows from sysindexes where indid in (0,1) and status in (0,2066)
10:56:49.992 6 W - 开始检查连接[DB/SqlServer]的数据库架构……
10:56:50.029 6 W - [DB]的所有实体类（15个）：tgm_give_log,tgm_gm,tgm_gold_record,tgm_goods_code,tgm_goods_type,tgm_notice,tgm_platform,tgm_record_day,tgm_record_hours,tgm_record_keep,tgm_record_pay,tgm_record_server,tgm_resource,tgm_role,tgm_server
10:56:50.029 6 W - [DB]需要检查架构的实体类（15个）：tgm_give_log,tgm_gm,tgm_gold_record,tgm_goods_code,tgm_goods_type,tgm_notice,tgm_platform,tgm_record_day,tgm_record_hours,tgm_record_keep,tgm_record_pay,tgm_record_server,tgm_resource,tgm_role,tgm_server
10:56:50.029 6 W - DB待检查表架构的实体个数：14
10:56:50.160 6 W - 检查连接[DB/SqlServer]的数据库架构耗时168ms
10:56:50.160 6 W - Select * From tgm_platform Where id=1
10:56:50.687 8 W - [tgm]GetSchema("Tables")
10:56:50.822 8 W - [tgm]GetSchema("Columns")
10:56:50.865 8 W - [tgm]GetSchema("Indexes")
10:56:50.889 8 W - [tgm]GetSchema("IndexColumns")
10:56:50.914 8 W - select object_name(id) as objname,rows from sysindexes where indid in (0,1) and status in (0,2066)
10:56:50.936 8 W - Select Top 1 * From tgm_platform Where token='0c372ec3-1b00-4286-84a8-9216e7ab59e3' Order By id Desc
10:56:50.952 8 W - Select * From tgm_platform Order By  createtime desc
10:56:54.005 8 W - Select Top 1 * From tgm_platform Where token='0c372ec3-1b00-4286-84a8-9216e7ab59e3' Order By id Desc
10:56:54.025 8 W - Select * From tgm_platform Order By  createtime desc

#Software: iisexpress
#ProcessID: 10228
#AppDomain: /LM/W3SVC/2/ROOT-1-130706890711418384
#FileName: C:\Program Files (x86)\IIS Express\iisexpress.exe
#BaseDirectory: E:\192.168.1.254\TGG\管理后台\TGM\TGM.API\
#CurrentDirectory: C:\Program Files (x86)\IIS Express
#CommandLine: /config:"C:\Users\TH\Documents\IISExpress\config\applicationhost.config"  /site:"TGM.API" /apppool:"Clr4IntegratedAppPool"
#ApplicationType: Console
#CLR: 4.0.30319.34014
#OS: Windows 8 x64, TH/TH_KAER
#Date: 2015-03-13
#Fields: Time ThreadID IsPoolThread ThreadName Message
10:58:01.711 6 W - NewLife.Core v4.6.2014.0731 Build 2014-08-30 18:12:06
10:58:01.719 6 W - NewLife.XCode v8.13.2014.0720 Build 2014-08-30 18:10:56
10:58:01.719 6 W - 使用数据库方式：独占，加大缓存权重
10:58:01.719 6 W - 一级缓存：关闭缓存
10:58:01.776 6 W - [tgm]GetSchema("MetaDataCollections")
10:58:01.789 6 W - [tgm]GetSchema("ReservedWords")
10:58:01.812 6 W - [tgm]GetSchema("Databases", "tgm")
10:58:01.880 6 W - [tgm]GetSchema("Tables")
10:58:02.014 6 W - [tgm]GetSchema("Columns")
10:58:02.065 6 W - [tgm]GetSchema("Indexes")
10:58:02.092 6 W - [tgm]GetSchema("IndexColumns")
10:58:02.120 6 W - [tgm]GetSchema("DataTypes")
10:58:02.200 6 W - select object_name(id) as objname,rows from sysindexes where indid in (0,1) and status in (0,2066)
10:58:02.226 6 W - 开始检查连接[tgm/SqlServer]的数据库架构……
10:58:02.298 6 W - [tgm]的所有实体类（0个）：
10:58:02.298 6 W - [tgm]需要检查架构的实体类（0个）：
10:58:02.298 6 W - 检查连接[tgm/SqlServer]的数据库架构耗时72ms
10:58:02.298 6 W - Select Top 1 * From tgm_role Where name=N'admin' Order By id Desc
10:58:02.334 6 W - [DB]GetSchema("MetaDataCollections")
10:58:02.337 6 W - [DB]GetSchema("ReservedWords")
10:58:02.344 6 W - [DB]GetSchema("Databases", "tgm")
10:58:02.389 6 W - [DB]GetSchema("Tables")
10:58:02.522 6 W - [DB]GetSchema("Columns")
10:58:02.569 6 W - [DB]GetSchema("Indexes")
10:58:02.608 6 W - [DB]GetSchema("IndexColumns")
10:58:02.630 6 W - [DB]GetSchema("DataTypes")
10:58:02.683 6 W - select object_name(id) as objname,rows from sysindexes where indid in (0,1) and status in (0,2066)
10:58:02.704 6 W - 开始检查连接[DB/SqlServer]的数据库架构……
10:58:02.743 6 W - [DB]的所有实体类（15个）：tgm_give_log,tgm_gm,tgm_gold_record,tgm_goods_code,tgm_goods_type,tgm_notice,tgm_platform,tgm_record_day,tgm_record_hours,tgm_record_keep,tgm_record_pay,tgm_record_server,tgm_resource,tgm_role,tgm_server
10:58:02.743 6 W - [DB]需要检查架构的实体类（15个）：tgm_give_log,tgm_gm,tgm_gold_record,tgm_goods_code,tgm_goods_type,tgm_notice,tgm_platform,tgm_record_day,tgm_record_hours,tgm_record_keep,tgm_record_pay,tgm_record_server,tgm_resource,tgm_role,tgm_server
10:58:02.744 6 W - DB待检查表架构的实体个数：14
10:58:02.894 6 W - 检查连接[DB/SqlServer]的数据库架构耗时189ms
10:58:02.894 6 W - Select * From tgm_platform Where id=1
10:58:03.415 8 W - [tgm]GetSchema("Tables")
10:58:03.545 8 W - [tgm]GetSchema("Columns")
10:58:03.588 8 W - [tgm]GetSchema("Indexes")
10:58:03.608 8 W - [tgm]GetSchema("IndexColumns")
10:58:03.634 8 W - select object_name(id) as objname,rows from sysindexes where indid in (0,1) and status in (0,2066)
10:58:03.653 8 W - Select Top 1 * From tgm_platform Where token='0c372ec3-1b00-4286-84a8-9216e7ab59e3' Order By id Desc
10:58:03.671 8 W - Select * From tgm_platform Order By  createtime desc
10:58:06.876 8 W - Select Top 1 * From tgm_platform Where token='0c372ec3-1b00-4286-84a8-9216e7ab59e3' Order By id Desc
10:58:06.896 8 W - Select * From tgm_platform Order By  createtime desc
10:59:19.388 6 W - Select Top 1 * From tgm_platform Where token='0c372ec3-1b00-4286-84a8-9216e7ab59e3' Order By id Desc
10:59:19.405 6 W - Select * From tgm_platform Order By  createtime desc
10:59:20.053 8 W - Select Top 1 * From tgm_platform Where token='0c372ec3-1b00-4286-84a8-9216e7ab59e3' Order By id Desc
10:59:20.069 8 W - Select * From tgm_role Where id=1
10:59:20.104 8 W - Select * From tgm_platform Where id=1
10:59:20.142 8 W - [tgm]GetSchema("Tables")
10:59:20.268 8 W - [tgm]GetSchema("Columns")
10:59:20.329 8 W - [tgm]GetSchema("Indexes")
10:59:20.348 8 W - [tgm]GetSchema("IndexColumns")
10:59:20.388 8 W - SET NOCOUNT ON;Insert Into tgm_resource(name, pid, sid, player_name, user_code, [time], type, [state], content, attachment) Values('', 1, 13, N'', N'lgy', 635618411601200009, 2, 1, '犯得上发射点', N'3_100|7_6010019_0_1_6-100|6_4010006_1|12_4000038_1');Select SCOPE_IDENTITY()
10:59:20.504 8 W - Select * From tgm_server Where id=13
10:59:23.602 7 W - Select Top 1 * From tgm_platform Where token='0c372ec3-1b00-4286-84a8-9216e7ab59e3' Order By id Desc
10:59:23.619 7 W - Select * From tgm_role Where id=1
10:59:23.635 7 W - Select * From tgm_resource Order By id Desc
10:59:23.664 7 W - Select * From tgm_platform Where id in (1,1,1,1,1,1,1,1,1,1,1,1,1,1,1,1,1) Order By id Desc
10:59:23.701 7 W - [tgm]GetSchema("Tables")
10:59:23.814 7 W - [tgm]GetSchema("Columns")
10:59:23.856 7 W - [tgm]GetSchema("Indexes")
10:59:23.876 7 W - [tgm]GetSchema("IndexColumns")
10:59:23.899 7 W - Select * From tgm_server Where id in (13,13,13,13,13,13,13,13,13,13,13,13,13,13,13,13,13) Order By id Desc
10:59:24.309 8 W - Select Top 1 * From tgm_platform Where token='0c372ec3-1b00-4286-84a8-9216e7ab59e3' Order By id Desc
10:59:24.325 8 W - Select * From tgm_platform Order By  createtime desc
11:00:24.232 8 W - Select Top 1 * From tgm_platform Where token='0c372ec3-1b00-4286-84a8-9216e7ab59e3' Order By id Desc
11:00:24.256 8 W - Select * From tgm_platform Order By  createtime desc
11:01:25.986 6 W - Select Top 1 * From tgm_platform Where token='0c372ec3-1b00-4286-84a8-9216e7ab59e3' Order By id Desc
11:01:26.003 6 W - Select * From tgm_platform Order By  createtime desc
11:01:26.633 13 W - Select Top 1 * From tgm_platform Where token='0c372ec3-1b00-4286-84a8-9216e7ab59e3' Order By id Desc
11:01:26.648 13 W - Select * From tgm_role Where id=1
11:01:26.662 13 W - Select * From tgm_platform Where id=1
11:01:26.677 13 W - SET NOCOUNT ON;Insert Into tgm_resource(name, pid, sid, player_name, user_code, [time], type, [state], content, attachment) Values('', 1, 13, N'饭冢一郎', N'', 635618412866766416, 2, 1, '范德萨', N'3_100');Select SCOPE_IDENTITY()
11:01:26.695 13 W - Select * From tgm_server Where id=13
11:01:30.365 6 W - Select Top 1 * From tgm_platform Where token='0c372ec3-1b00-4286-84a8-9216e7ab59e3' Order By id Desc
11:01:30.382 6 W - Select * From tgm_platform Order By  createtime desc
11:01:34.258 7 W - Select Top 1 * From tgm_platform Where token='0c372ec3-1b00-4286-84a8-9216e7ab59e3' Order By id Desc
11:01:34.275 7 W - Select * From tgm_role Where id=1
11:01:34.290 7 W - Select * From tgm_resource Order By id Desc
11:01:34.313 7 W - Select * From tgm_platform Where id in (1,1,1,1,1,1,1,1,1,1,1,1,1,1,1,1,1,1) Order By id Desc
11:01:34.330 7 W - Select * From tgm_server Where id in (13,13,13,13,13,13,13,13,13,13,13,13,13,13,13,13,13,13) Order By id Desc
11:01:34.728 13 W - Select Top 1 * From tgm_platform Where token='0c372ec3-1b00-4286-84a8-9216e7ab59e3' Order By id Desc
11:01:34.743 13 W - Select * From tgm_platform Order By  createtime desc
11:01:47.900 6 W - Select Top 1 * From tgm_platform Where token='0c372ec3-1b00-4286-84a8-9216e7ab59e3' Order By id Desc
11:01:47.917 6 W - Select * From tgm_platform Order By  createtime desc
11:03:03.527 7 W - Select Top 1 * From tgm_platform Where token='0c372ec3-1b00-4286-84a8-9216e7ab59e3' Order By id Desc
11:03:03.544 7 W - Select * From tgm_role Where id=1
11:03:03.561 7 W - Select * From tgm_resource Order By id Desc
11:03:03.576 7 W - Select * From tgm_platform Where id in (1,1,1,1,1,1,1,1,1,1,1,1,1,1,1,1,1,1) Order By id Desc
11:03:03.591 7 W - Select * From tgm_server Where id in (13,13,13,13,13,13,13,13,13,13,13,13,13,13,13,13,13,13) Order By id Desc
11:03:03.978 12 W - Select Top 1 * From tgm_platform Where token='0c372ec3-1b00-4286-84a8-9216e7ab59e3' Order By id Desc
11:03:03.994 12 W - Select * From tgm_platform Order By  createtime desc
11:03:05.573 7 W - Select Top 1 * From tgm_platform Where token='0c372ec3-1b00-4286-84a8-9216e7ab59e3' Order By id Desc
11:03:05.589 7 W - Select * From tgm_resource Where id=38
11:03:05.608 7 W - Update tgm_resource Set [state]=2, [operation]=N'admin' Where id=38
11:03:05.625 7 W - Select * From tgm_server Where id=13
11:03:05.643 7 W - Select Top 1 * From tgm_server Where  name='DY-01' AND  pid in  (select id from tgm_platform where token='0c372ec3-1b00-4286-84a8-9216e7ab59e3') Order By id Desc
11:03:05.660 7 W - Select Top 1 * From tgm_server Where  name='DY-01' AND  pid in  (select id from tgm_platform where token='0c372ec3-1b00-4286-84a8-9216e7ab59e3') Order By id Desc
11:03:05.682 7 W - [13_1_DY-01]GetSchema("MetaDataCollections")
11:03:05.685 7 W - [13_1_DY-01]GetSchema("ReservedWords")
11:03:05.690 7 W - [13_1_DY-01]GetSchema("Databases", "tgg")
11:03:05.728 7 W - [13_1_DY-01]GetSchema("Tables")
11:03:05.886 7 W - [13_1_DY-01]GetSchema("Columns")
11:03:05.996 7 W - [13_1_DY-01]GetSchema("Indexes")
11:03:06.039 7 W - [13_1_DY-01]GetSchema("IndexColumns")
11:03:06.075 7 W - [13_1_DY-01]GetSchema("DataTypes")
11:03:06.138 7 W - 开始检查连接[13_1_DY-01/SqlServer]的数据库架构……
11:03:06.194 7 W - [13_1_DY-01]的所有实体类（0个）：
11:03:06.194 7 W - [13_1_DY-01]需要检查架构的实体类（0个）：
11:03:06.194 7 W - 检查连接[13_1_DY-01/SqlServer]的数据库架构耗时56ms
11:03:06.194 7 W - Select Top 1 * From tg_user Where player_name=N'饭冢一郎' Order By id Desc
11:03:06.363 7 W - SET NOCOUNT ON;Insert Into tg_messages(receive_id, send_id, type, title, contents, isread, isattachment, attachment, create_time) Values(4, 0, 1, N'游戏补偿', N'范德萨', 0, 1, N'3_100', 1426244586217);Select SCOPE_IDENTITY()
11:03:06.385 7 W - Select Top 1 * From tgm_server Where  name='DY-01' AND  pid in  (select id from tgm_platform where token='0c372ec3-1b00-4286-84a8-9216e7ab59e3') Order By id Desc
11:03:06.886 12 W - Select Top 1 * From tgm_platform Where token='0c372ec3-1b00-4286-84a8-9216e7ab59e3' Order By id Desc
11:03:06.917 12 W - Select * From tgm_role Where id=1
11:03:06.935 12 W - Select * From tgm_resource Order By id Desc
11:03:06.951 12 W - Select * From tgm_platform Where id in (1,1,1,1,1,1,1,1,1,1,1,1,1,1,1,1,1,1) Order By id Desc
11:03:06.971 12 W - Select * From tgm_server Where id in (13,13,13,13,13,13,13,13,13,13,13,13,13,13,13,13,13,13) Order By id Desc
11:03:07.337 15 W - Select Top 1 * From tgm_platform Where token='0c372ec3-1b00-4286-84a8-9216e7ab59e3' Order By id Desc
11:03:07.353 15 W - Select * From tgm_platform Order By  createtime desc
11:03:09.093 7 W - Select Top 1 * From tgm_platform Where token='0c372ec3-1b00-4286-84a8-9216e7ab59e3' Order By id Desc
11:03:09.108 7 W - Select * From tgm_resource Where id=37
11:03:09.123 7 W - Update tgm_resource Set [state]=2, [operation]=N'admin' Where id=37
11:03:09.138 7 W - Select * From tgm_server Where id=13
11:03:09.155 7 W - Select Top 1 * From tgm_server Where  name='DY-01' AND  pid in  (select id from tgm_platform where token='0c372ec3-1b00-4286-84a8-9216e7ab59e3') Order By id Desc
11:03:09.172 7 W - Select Top 1 * From tgm_server Where  name='DY-01' AND  pid in  (select id from tgm_platform where token='0c372ec3-1b00-4286-84a8-9216e7ab59e3') Order By id Desc
11:03:09.187 7 W - Select Top 1 * From tg_user Where user_code=N'lgy' Order By id Desc
11:03:09.202 7 W - SET NOCOUNT ON;Insert Into tg_messages(receive_id, send_id, type, title, contents, isread, isattachment, attachment, create_time) Values(4, 0, 1, N'游戏补偿', N'犯得上发射点', 0, 1, N'3_100|7_6010019_0_1_6-100|6_4010006_1|12_4000038_1', 1426244589201);Select SCOPE_IDENTITY()
11:03:09.217 7 W - Select Top 1 * From tgm_server Where  name='DY-01' AND  pid in  (select id from tgm_platform where token='0c372ec3-1b00-4286-84a8-9216e7ab59e3') Order By id Desc
11:03:09.698 15 W - Select Top 1 * From tgm_platform Where token='0c372ec3-1b00-4286-84a8-9216e7ab59e3' Order By id Desc
11:03:09.715 15 W - Select * From tgm_role Where id=1
11:03:09.732 15 W - Select * From tgm_resource Order By id Desc
11:03:09.751 15 W - Select * From tgm_platform Where id in (1,1,1,1,1,1,1,1,1,1,1,1,1,1,1,1,1,1) Order By id Desc
11:03:09.767 15 W - Select * From tgm_server Where id in (13,13,13,13,13,13,13,13,13,13,13,13,13,13,13,13,13,13) Order By id Desc
11:03:10.135 13 W - Select Top 1 * From tgm_platform Where token='0c372ec3-1b00-4286-84a8-9216e7ab59e3' Order By id Desc
11:03:10.150 13 W - Select * From tgm_platform Order By  createtime desc
11:03:13.045 7 W - Select Top 1 * From tgm_platform Where token='0c372ec3-1b00-4286-84a8-9216e7ab59e3' Order By id Desc
11:03:13.064 7 W - Select * From tgm_platform Order By  createtime desc
11:03:38.373 7 W - Select Top 1 * From tgm_platform Where token='0c372ec3-1b00-4286-84a8-9216e7ab59e3' Order By id Desc
11:03:38.392 7 W - Select * From tgm_platform Order By  createtime desc
11:04:17.306 7 W - Select Top 1 * From tgm_platform Where token='0c372ec3-1b00-4286-84a8-9216e7ab59e3' Order By id Desc
11:04:17.323 7 W - Select * From tgm_platform Order By  createtime desc
11:04:17.965 15 W - Select Top 1 * From tgm_platform Where token='0c372ec3-1b00-4286-84a8-9216e7ab59e3' Order By id Desc
11:04:17.980 15 W - Select * From tgm_role Where id=1
11:04:17.994 15 W - Select * From tgm_platform Where id=1
11:04:18.009 15 W - SET NOCOUNT ON;Insert Into tgm_resource(name, pid, sid, player_name, user_code, [time], type, [state], content, attachment) Values('', 1, 13, N'', N'lgy', 635618414580087557, 2, 1, '发大水发', N'');Select SCOPE_IDENTITY()
11:04:18.027 15 W - Select * From tgm_server Where id=13
11:04:20.938 11 W - Select Top 1 * From tgm_platform Where token='0c372ec3-1b00-4286-84a8-9216e7ab59e3' Order By id Desc
11:04:20.957 11 W - Select * From tgm_role Where id=1
11:04:20.973 11 W - Select * From tgm_resource Order By id Desc
11:04:20.989 11 W - Select * From tgm_platform Where id in (1,1,1,1,1,1,1,1,1,1,1,1,1,1,1,1,1,1,1) Order By id Desc
11:04:21.005 11 W - Select * From tgm_server Where id in (13,13,13,13,13,13,13,13,13,13,13,13,13,13,13,13,13,13,13) Order By id Desc
11:04:21.377 13 W - Select Top 1 * From tgm_platform Where token='0c372ec3-1b00-4286-84a8-9216e7ab59e3' Order By id Desc
11:04:21.395 13 W - Select * From tgm_platform Order By  createtime desc
11:04:26.841 15 W - Select Top 1 * From tgm_platform Where token='0c372ec3-1b00-4286-84a8-9216e7ab59e3' Order By id Desc
11:04:26.858 15 W - Select * From tgm_platform Order By  createtime desc
11:05:31.525 13 W - Select Top 1 * From tgm_platform Where token='0c372ec3-1b00-4286-84a8-9216e7ab59e3' Order By id Desc
11:05:31.541 13 W - Select * From tgm_platform Order By  createtime desc
11:05:32.189 15 W - Select Top 1 * From tgm_platform Where token='0c372ec3-1b00-4286-84a8-9216e7ab59e3' Order By id Desc
11:05:32.204 15 W - Select * From tgm_role Where id=1
11:05:32.219 15 W - Select * From tgm_platform Where id=1
11:05:32.234 15 W - SET NOCOUNT ON;Insert Into tgm_resource(name, pid, sid, player_name, user_code, [time], type, [state], content, attachment) Values('', 1, 13, N'', N'lgy', 635618415322333830, 2, 1, '犯得上发射点', N'7_6010013_0_1_4-100,7-100,101-100');Select SCOPE_IDENTITY()
11:05:32.252 15 W - Select * From tgm_server Where id=13
11:05:48.122 13 W - Select Top 1 * From tgm_platform Where token='0c372ec3-1b00-4286-84a8-9216e7ab59e3' Order By id Desc
11:05:48.142 13 W - Select * From tgm_role Where id=1
11:05:48.158 13 W - Select * From tgm_resource Order By id Desc
11:05:48.174 13 W - Select * From tgm_platform Where id in (1,1,1,1,1,1,1,1,1,1,1,1,1,1,1,1,1,1,1,1) Order By id Desc
11:05:48.190 13 W - Select * From tgm_server Where id in (13,13,13,13,13,13,13,13,13,13,13,13,13,13,13,13,13,13,13,13) Order By id Desc
11:05:48.554 16 W - Select Top 1 * From tgm_platform Where token='0c372ec3-1b00-4286-84a8-9216e7ab59e3' Order By id Desc
11:05:48.573 16 W - Select * From tgm_platform Order By  createtime desc
11:05:52.463 15 W - Select Top 1 * From tgm_platform Where token='0c372ec3-1b00-4286-84a8-9216e7ab59e3' Order By id Desc
11:05:52.478 15 W - Select * From tgm_resource Where id=40
11:05:52.493 15 W - Update tgm_resource Set [state]=2, [operation]=N'admin' Where id=40
11:05:52.507 15 W - Select * From tgm_server Where id=13
11:05:52.522 15 W - Select Top 1 * From tgm_server Where  name='DY-01' AND  pid in  (select id from tgm_platform where token='0c372ec3-1b00-4286-84a8-9216e7ab59e3') Order By id Desc
11:05:52.539 15 W - Select Top 1 * From tgm_server Where  name='DY-01' AND  pid in  (select id from tgm_platform where token='0c372ec3-1b00-4286-84a8-9216e7ab59e3') Order By id Desc
11:05:52.554 15 W - Select Top 1 * From tg_user Where user_code=N'lgy' Order By id Desc
11:05:52.569 15 W - SET NOCOUNT ON;Insert Into tg_messages(receive_id, send_id, type, title, contents, isread, isattachment, attachment, create_time) Values(4, 0, 1, N'游戏补偿', N'犯得上发射点', 0, 1, N'7_6010013_0_1_4-100,7-100,101-100', 1426244752568);Select SCOPE_IDENTITY()
11:05:52.584 15 W - Select Top 1 * From tgm_server Where  name='DY-01' AND  pid in  (select id from tgm_platform where token='0c372ec3-1b00-4286-84a8-9216e7ab59e3') Order By id Desc
11:05:52.992 16 W - Select Top 1 * From tgm_platform Where token='0c372ec3-1b00-4286-84a8-9216e7ab59e3' Order By id Desc
11:05:53.008 16 W - Select * From tgm_role Where id=1
11:05:53.024 16 W - Select * From tgm_resource Order By id Desc
11:05:53.042 16 W - Select * From tgm_platform Where id in (1,1,1,1,1,1,1,1,1,1,1,1,1,1,1,1,1,1,1,1) Order By id Desc
11:05:53.057 16 W - Select * From tgm_server Where id in (13,13,13,13,13,13,13,13,13,13,13,13,13,13,13,13,13,13,13,13) Order By id Desc
11:05:53.413 15 W - Select Top 1 * From tgm_platform Where token='0c372ec3-1b00-4286-84a8-9216e7ab59e3' Order By id Desc
11:05:53.430 15 W - Select * From tgm_platform Order By  createtime desc

#Software: iisexpress
#ProcessID: 6872
#AppDomain: /LM/W3SVC/2/ROOT-1-130706900003504002
#FileName: C:\Program Files (x86)\IIS Express\iisexpress.exe
#BaseDirectory: E:\192.168.1.254\TGG\管理后台\TGM\TGM.API\
#CurrentDirectory: C:\Program Files (x86)\IIS Express
#CommandLine: /config:"C:\Users\TH\Documents\IISExpress\config\applicationhost.config"  /site:"TGM.API" /apppool:"Clr4IntegratedAppPool"
#ApplicationType: Console
#CLR: 4.0.30319.34014
#OS: Windows 8 x64, TH/TH_KAER
#Date: 2015-03-13
#Fields: Time ThreadID IsPoolThread ThreadName Message
11:13:34.531 6 W - NewLife.Core v4.6.2014.0731 Build 2014-08-30 18:12:06
11:13:34.539 6 W - NewLife.XCode v8.13.2014.0720 Build 2014-08-30 18:10:56
11:13:34.539 6 W - 使用数据库方式：独占，加大缓存权重
11:13:34.539 6 W - 一级缓存：关闭缓存
11:13:34.572 6 W - [tgm]GetSchema("MetaDataCollections")
11:13:34.585 6 W - [tgm]GetSchema("ReservedWords")
11:13:34.607 6 W - [tgm]GetSchema("Databases", "tgm")
11:13:34.676 6 W - [tgm]GetSchema("Tables")
11:13:34.792 6 W - [tgm]GetSchema("Columns")
11:13:34.832 6 W - [tgm]GetSchema("Indexes")
11:13:34.853 6 W - [tgm]GetSchema("IndexColumns")
11:13:34.879 6 W - [tgm]GetSchema("DataTypes")
11:13:34.962 6 W - select object_name(id) as objname,rows from sysindexes where indid in (0,1) and status in (0,2066)
11:13:34.990 6 W - 开始检查连接[tgm/SqlServer]的数据库架构……
11:13:35.087 6 W - [tgm]的所有实体类（0个）：
11:13:35.087 6 W - [tgm]需要检查架构的实体类（0个）：
11:13:35.087 6 W - 检查连接[tgm/SqlServer]的数据库架构耗时97ms
11:13:35.088 6 W - Select Top 1 * From tgm_role Where name=N'admin' Order By id Desc
11:13:35.122 6 W - [DB]GetSchema("MetaDataCollections")
11:13:35.125 6 W - [DB]GetSchema("ReservedWords")
11:13:35.132 6 W - [DB]GetSchema("Databases", "tgm")
11:13:35.177 6 W - [DB]GetSchema("Tables")
11:13:35.291 6 W - [DB]GetSchema("Columns")
11:13:35.337 6 W - [DB]GetSchema("Indexes")
11:13:35.369 6 W - [DB]GetSchema("IndexColumns")
11:13:35.390 6 W - [DB]GetSchema("DataTypes")
11:13:35.445 6 W - select object_name(id) as objname,rows from sysindexes where indid in (0,1) and status in (0,2066)
11:13:35.464 6 W - 开始检查连接[DB/SqlServer]的数据库架构……
11:13:35.514 6 W - [DB]的所有实体类（15个）：tgm_give_log,tgm_gm,tgm_gold_record,tgm_goods_code,tgm_goods_type,tgm_notice,tgm_platform,tgm_record_day,tgm_record_hours,tgm_record_keep,tgm_record_pay,tgm_record_server,tgm_resource,tgm_role,tgm_server
11:13:35.514 6 W - [DB]需要检查架构的实体类（15个）：tgm_give_log,tgm_gm,tgm_gold_record,tgm_goods_code,tgm_goods_type,tgm_notice,tgm_platform,tgm_record_day,tgm_record_hours,tgm_record_keep,tgm_record_pay,tgm_record_server,tgm_resource,tgm_role,tgm_server
11:13:35.515 6 W - DB待检查表架构的实体个数：14
11:13:35.646 6 W - 检查连接[DB/SqlServer]的数据库架构耗时182ms
11:13:35.646 6 W - Select * From tgm_platform Where id=1
11:13:36.202 8 W - [tgm]GetSchema("Tables")
11:13:36.315 8 W - [tgm]GetSchema("Columns")
11:13:36.359 8 W - [tgm]GetSchema("Indexes")
11:13:36.381 8 W - [tgm]GetSchema("IndexColumns")
11:13:36.404 8 W - select object_name(id) as objname,rows from sysindexes where indid in (0,1) and status in (0,2066)
11:13:36.422 8 W - Select Top 1 * From tgm_platform Where token='0c372ec3-1b00-4286-84a8-9216e7ab59e3' Order By id Desc
11:13:36.438 8 W - Select * From tgm_platform Order By  createtime desc
11:13:39.705 6 W - Select Top 1 * From tgm_platform Where token='0c372ec3-1b00-4286-84a8-9216e7ab59e3' Order By id Desc
11:13:39.723 6 W - Select * From tgm_platform Order By  createtime desc
11:14:19.198 6 W - Select Top 1 * From tgm_platform Where token='0c372ec3-1b00-4286-84a8-9216e7ab59e3' Order By id Desc
11:14:19.215 6 W - Select * From tgm_platform Order By  createtime desc
11:14:21.271 6 W - Select Top 1 * From tgm_platform Where token='0c372ec3-1b00-4286-84a8-9216e7ab59e3' Order By id Desc
11:14:21.290 6 W - Select * From tgm_role Where id=1
11:14:21.327 6 W - [tgm]GetSchema("Tables")
11:14:21.439 6 W - [tgm]GetSchema("Columns")
11:14:21.479 6 W - [tgm]GetSchema("Indexes")
11:14:21.500 6 W - [tgm]GetSchema("IndexColumns")
11:14:21.524 6 W - Select * From tgm_resource Order By id Desc
11:14:21.543 6 W - Select * From tgm_platform Where id in (1,1,1,1,1,1,1,1,1,1,1,1,1,1,1,1,1,1,1,1) Order By id Desc
11:14:21.676 6 W - Select * From tgm_server Where id in (13,13,13,13,13,13,13,13,13,13,13,13,13,13,13,13,13,13,13,13) Order By id Desc
11:14:22.200 7 W - Select Top 1 * From tgm_platform Where token='0c372ec3-1b00-4286-84a8-9216e7ab59e3' Order By id Desc
11:14:22.216 7 W - Select * From tgm_platform Order By  createtime desc
11:14:27.191 6 W - Select Top 1 * From tgm_platform Where token='0c372ec3-1b00-4286-84a8-9216e7ab59e3' Order By id Desc
11:14:27.208 6 W - Select * From tgm_platform Order By  createtime desc
11:14:49.172 6 W - Select Top 1 * From tgm_platform Where token='0c372ec3-1b00-4286-84a8-9216e7ab59e3' Order By id Desc
11:14:49.189 6 W - Select * From tgm_platform Order By  createtime desc
11:15:13.841 6 W - Select Top 1 * From tgm_platform Where token='0c372ec3-1b00-4286-84a8-9216e7ab59e3' Order By id Desc
11:15:13.858 6 W - Select * From tgm_platform Order By  createtime desc
